<?xml version="1.0" encoding="UTF-8"?>
<!-- Generated by org.testng.reporters.JUnitXMLReporter -->
<testsuite ignored="0" hostname="LAPTOP-A03C49Q0" failures="0" tests="1" name="Test2" time="1.518" errors="0" timestamp="04 Mar 2022 13:35:49 GMT">
  <testcase classname="TestClassPackage.TestClass" name="@BeforeTest beforetest" time="1.466">
    <failure type="org.openqa.selenium.SessionNotCreatedException" message="session not created: This version of ChromeDriver only supports Chrome version 97
Current browser version is 99.0.4844.51 with binary path C:\Program Files (x86)\Google\Chrome\Application\chrome.exe
Build info: version: &amp;apos;3.141.59&amp;apos;, revision: &amp;apos;e82be7d358&amp;apos;, time: &amp;apos;2018-11-14T08:17:03&amp;apos;
System info: host: &amp;apos;LAPTOP-A03C49Q0&amp;apos;, ip: &amp;apos;192.168.0.102&amp;apos;, os.name: &amp;apos;Windows 10&amp;apos;, os.arch: &amp;apos;amd64&amp;apos;, os.version: &amp;apos;10.0&amp;apos;, java.version: &amp;apos;16.0.2&amp;apos;
Driver info: driver.version: ChromeDriver
remote stacktrace: Backtrace:
	Ordinal0 [0x0068FDC3+2555331]
	Ordinal0 [0x006277F1+2127857]
	Ordinal0 [0x00522E08+1060360]
	Ordinal0 [0x005419CA+1186250]
	Ordinal0 [0x0053D825+1169445]
	Ordinal0 [0x0053AFC1+1159105]
	Ordinal0 [0x0056C22F+1360431]
	Ordinal0 [0x0056BE9A+1359514]
	Ordinal0 [0x00567976+1341814]
	Ordinal0 [0x005436B6+1193654]
	Ordinal0 [0x00544546+1197382]
	GetHandleVerifier [0x00829622+1619522]
	GetHandleVerifier [0x008D882C+2336844]
	GetHandleVerifier [0x007223E1+541697]
	GetHandleVerifier [0x00721443+537699]
	Ordinal0 [0x0062D18E+2150798]
	Ordinal0 [0x00631518+2168088]
	Ordinal0 [0x00631660+2168416]
	Ordinal0 [0x0063B330+2208560]
	BaseThreadInitThunk [0x76916739+25]
	RtlGetFullPathName_UEx [0x773E8E7F+1215]
	RtlGetFullPathName_UEx [0x773E8E4D+1165]
">
      <![CDATA[org.openqa.selenium.SessionNotCreatedException: session not created: This version of ChromeDriver only supports Chrome version 97
Current browser version is 99.0.4844.51 with binary path C:\Program Files (x86)\Google\Chrome\Application\chrome.exe
Build info: version: '3.141.59', revision: 'e82be7d358', time: '2018-11-14T08:17:03'
System info: host: 'LAPTOP-A03C49Q0', ip: '192.168.0.102', os.name: 'Windows 10', os.arch: 'amd64', os.version: '10.0', java.version: '16.0.2'
Driver info: driver.version: ChromeDriver
remote stacktrace: Backtrace:
Ordinal0 [0x0068FDC3+2555331]
Ordinal0 [0x006277F1+2127857]
Ordinal0 [0x00522E08+1060360]
Ordinal0 [0x005419CA+1186250]
Ordinal0 [0x0053D825+1169445]
Ordinal0 [0x0053AFC1+1159105]
Ordinal0 [0x0056C22F+1360431]
Ordinal0 [0x0056BE9A+1359514]
Ordinal0 [0x00567976+1341814]
Ordinal0 [0x005436B6+1193654]
Ordinal0 [0x00544546+1197382]
GetHandleVerifier [0x00829622+1619522]
GetHandleVerifier [0x008D882C+2336844]
GetHandleVerifier [0x007223E1+541697]
GetHandleVerifier [0x00721443+537699]
Ordinal0 [0x0062D18E+2150798]
Ordinal0 [0x00631518+2168088]
Ordinal0 [0x00631660+2168416]
Ordinal0 [0x0063B330+2208560]
BaseThreadInitThunk [0x76916739+25]
RtlGetFullPathName_UEx [0x773E8E7F+1215]
RtlGetFullPathName_UEx [0x773E8E4D+1165]

at org.openqa.selenium.remote.W3CHandshakeResponse.lambda$errorHandler$0(W3CHandshakeResponse.java:62)
at org.openqa.selenium.remote.HandshakeResponse.lambda$getResponseFunction$0(HandshakeResponse.java:30)
at org.openqa.selenium.remote.ProtocolHandshake.lambda$createSession$0(ProtocolHandshake.java:126)
at java.base/java.util.stream.ReferencePipeline$3$1.accept(ReferencePipeline.java:197)
at java.base/java.util.Spliterators$ArraySpliterator.tryAdvance(Spliterators.java:958)
at java.base/java.util.stream.ReferencePipeline.forEachWithCancel(ReferencePipeline.java:129)
at java.base/java.util.stream.AbstractPipeline.copyIntoWithCancel(AbstractPipeline.java:502)
at java.base/java.util.stream.AbstractPipeline.copyInto(AbstractPipeline.java:488)
at java.base/java.util.stream.AbstractPipeline.wrapAndCopyInto(AbstractPipeline.java:474)
at java.base/java.util.stream.FindOps$FindOp.evaluateSequential(FindOps.java:150)
at java.base/java.util.stream.AbstractPipeline.evaluate(AbstractPipeline.java:234)
at java.base/java.util.stream.ReferencePipeline.findFirst(ReferencePipeline.java:647)
at org.openqa.selenium.remote.ProtocolHandshake.createSession(ProtocolHandshake.java:128)
at org.openqa.selenium.remote.ProtocolHandshake.createSession(ProtocolHandshake.java:74)
at org.openqa.selenium.remote.HttpCommandExecutor.execute(HttpCommandExecutor.java:136)
at org.openqa.selenium.remote.service.DriverCommandExecutor.execute(DriverCommandExecutor.java:83)
at org.openqa.selenium.remote.RemoteWebDriver.execute(RemoteWebDriver.java:552)
at org.openqa.selenium.remote.RemoteWebDriver.startSession(RemoteWebDriver.java:213)
at org.openqa.selenium.remote.RemoteWebDriver.<init>(RemoteWebDriver.java:131)
at org.openqa.selenium.chrome.ChromeDriver.<init>(ChromeDriver.java:181)
at org.openqa.selenium.chrome.ChromeDriver.<init>(ChromeDriver.java:168)
at org.openqa.selenium.chrome.ChromeDriver.<init>(ChromeDriver.java:123)
at Testbrowser.Pojo.Chrome(Pojo.java:11)
at TestClassPackage.TestClass.beforetest(TestClass.java:30)
... Removed 29 stack frames]]>
    </failure>
  </testcase> <!-- @BeforeTest beforetest -->
  <testcase classname="TestClassPackage.TestClass" name="@BeforeClass beforeClass1" time="0.0">
    <skipped/>
  </testcase> <!-- @BeforeClass beforeClass1 -->
  <testcase classname="TestClassPackage.TestClass" name="@BeforeMethod beforeMethod1" time="0.0">
    <skipped/>
  </testcase> <!-- @BeforeMethod beforeMethod1 -->
  <testcase classname="TestClassPackage.TestClass" name="@AfterClass afterClass1" time="0.0">
    <skipped/>
  </testcase> <!-- @AfterClass afterClass1 -->
  <testcase classname="TestClassPackage.TestClass" name="@AfterTest aftertest1" time="0.0">
    <skipped/>
  </testcase> <!-- @AfterTest aftertest1 -->
  <testcase classname="TestClassPackage.TestClass" name="test1" time="0.0">
    <skipped/>
  </testcase> <!-- test1 -->
</testsuite> <!-- Test2 -->
