<?xml version="1.0" encoding="UTF-8"?>
<!-- Generated by org.testng.reporters.JUnitXMLReporter -->
<testsuite ignored="0" hostname="LAPTOP-A03C49Q0" failures="0" tests="1" name="Default test" time="0.052" errors="0" timestamp="04 Mar 2022 13:37:33 GMT">
  <testcase classname="TestClassPackage.TestClass" name="@BeforeTest beforetest" time="0.0">
    <failure type="org.testng.TestNGException" message="
Parameter &amp;apos;browser&amp;apos; is required by BeforeTest on method beforetest but has not been marked @Optional or defined
in C:\Users\HP\AppData\Local\Temp\testng-eclipse-186063996\testng-customsuite.xml">
      <![CDATA[org.testng.TestNGException: 
Parameter 'browser' is required by BeforeTest on method beforetest but has not been marked @Optional or defined
in C:\Users\HP\AppData\Local\Temp\testng-eclipse-186063996\testng-customsuite.xml
at org.testng.internal.Parameters.createParams(Parameters.java:290)
at org.testng.internal.Parameters.createParametersForMethod(Parameters.java:359)
at org.testng.internal.Parameters.createParameters(Parameters.java:620)
at org.testng.internal.Parameters.createConfigurationParameters(Parameters.java:190)
at org.testng.internal.Invoker.invokeConfigurations(Invoker.java:209)
at org.testng.internal.Invoker.invokeConfigurations(Invoker.java:142)
at org.testng.TestRunner.beforeRun(TestRunner.java:529)
at org.testng.TestRunner.run(TestRunner.java:497)
at org.testng.SuiteRunner.runTest(SuiteRunner.java:455)
at org.testng.SuiteRunner.runSequentially(SuiteRunner.java:450)
at org.testng.SuiteRunner.privateRun(SuiteRunner.java:415)
at org.testng.SuiteRunner.run(SuiteRunner.java:364)
at org.testng.SuiteRunnerWorker.runSuite(SuiteRunnerWorker.java:52)
at org.testng.SuiteRunnerWorker.run(SuiteRunnerWorker.java:84)
at org.testng.TestNG.runSuitesSequentially(TestNG.java:1208)
at org.testng.TestNG.runSuitesLocally(TestNG.java:1137)
at org.testng.TestNG.runSuites(TestNG.java:1049)
at org.testng.TestNG.run(TestNG.java:1017)
at org.testng.remote.AbstractRemoteTestNG.run(AbstractRemoteTestNG.java:115)
at org.testng.remote.RemoteTestNG.initAndRun(RemoteTestNG.java:251)
at org.testng.remote.RemoteTestNG.main(RemoteTestNG.java:77)
]]>
    </failure>
  </testcase> <!-- @BeforeTest beforetest -->
  <testcase classname="TestClassPackage.TestClass" name="@BeforeClass beforeClass1" time="0.0">
    <skipped/>
  </testcase> <!-- @BeforeClass beforeClass1 -->
  <testcase classname="TestClassPackage.TestClass" name="@BeforeMethod beforeMethod1" time="0.0">
    <skipped/>
  </testcase> <!-- @BeforeMethod beforeMethod1 -->
  <testcase classname="TestClassPackage.TestClass" name="@AfterClass afterClass1" time="0.0">
    <skipped/>
  </testcase> <!-- @AfterClass afterClass1 -->
  <testcase classname="TestClassPackage.TestClass" name="@AfterTest aftertest1" time="0.0">
    <skipped/>
  </testcase> <!-- @AfterTest aftertest1 -->
  <testcase classname="TestClassPackage.TestClass" name="test1" time="0.0">
    <skipped/>
  </testcase> <!-- test1 -->
</testsuite> <!-- Default test -->
